
> frontend@0.1.0 dev /Users/jolly_app/projects/mycats-pro/frontend
> next dev -p 3000

   ▲ Next.js 15.5.3
   - Local:        http://localhost:3000
   - Network:      http://192.168.1.6:3000
   - Environments: .env.local
   - Experiments (use with caution):
     · optimizePackageImports

 ✓ Starting...
 ✓ Ready in 3s
 ✓ Compiled /middleware in 335ms (159 modules)
 ○ Compiling / ...
 ✓ Compiled / in 3.5s (1690 modules)
 GET / 200 in 4191ms
 ○ Compiling /breeding ...
 ✓ Compiled /breeding in 3.6s (1862 modules)
 GET /breeding 200 in 3805ms
 GET /breeding 200 in 32ms
 ✓ Compiled /_not-found in 497ms (1867 modules)
 GET /manifest.json 404 in 1155ms
 ✓ Compiled in 1589ms (1867 modules)
 ✓ Compiled in 1640ms (1867 modules)
 ✓ Compiled in 1127ms (1867 modules)
 GET /breeding 200 in 581ms
 ○ Compiling /favicon.ico ...
 ✓ Compiled /favicon.ico in 720ms (1047 modules)
 GET /favicon.ico 200 in 966ms
 ✓ Compiled in 3.3s (1858 modules)
 ✓ Compiled in 2s (1858 modules)
 ✓ Compiled in 2.2s (1858 modules)
 ○ Compiling /kittens ...
 ✓ Compiled /kittens in 3.3s (1923 modules)
 GET /kittens 200 in 3538ms
 GET /kittens 200 in 27ms
 ✓ Compiled /_not-found in 461ms (1928 modules)
 GET /manifest.json 404 in 905ms
 GET /breeding 200 in 57ms
 GET /manifest.json 404 in 87ms
 GET /kittens 200 in 44ms
 GET /manifest.json 404 in 60ms
 GET /breeding 200 in 28ms
 GET /manifest.json 404 in 56ms
 ✓ Compiled in 2.3s (1923 modules)
 ✓ Compiled in 959ms (1923 modules)
 ✓ Compiled in 2.1s (1923 modules)
 ✓ Compiled in 1167ms (1923 modules)
 ✓ Compiled in 3s (1925 modules)
 GET /kittens 200 in 148ms
 ○ Compiling /_not-found ...
 ✓ Compiled /_not-found in 1821ms (1930 modules)
 GET /manifest.json 404 in 2224ms
 GET /breeding 200 in 73ms
 GET /manifest.json 404 in 47ms
